<?xml version="1.0" encoding="UTF-8"?>
<testng-results skipped="0" failed="0" ignored="0" total="1" passed="1">
  <reporter-output>
  </reporter-output>
  <suite name="Suite" duration-ms="10459" started-at="2018-11-10T09:39:15Z" finished-at="2018-11-10T09:39:25Z">
    <groups>
    </groups>
    <test name="Test" duration-ms="10459" started-at="2018-11-10T09:39:15Z" finished-at="2018-11-10T09:39:25Z">
      <class name="scripts.TestValidLogin">
        <test-method status="PASS" signature="openApplication()[pri:0, instance:scripts.TestValidLogin@402a079c]" name="openApplication" is-config="true" duration-ms="6323" started-at="2018-11-10T15:09:15Z" finished-at="2018-11-10T15:09:21Z">
          <reporter-output>
          </reporter-output>
        </test-method> <!-- openApplication -->
        <test-method status="PASS" signature="testValidLogin()[pri:0, instance:scripts.TestValidLogin@402a079c]" name="testValidLogin" duration-ms="2599" started-at="2018-11-10T15:09:21Z" finished-at="2018-11-10T15:09:24Z">
          <reporter-output>
          </reporter-output>
        </test-method> <!-- testValidLogin -->
        <test-method status="PASS" signature="closeApplication(org.testng.ITestResult)[pri:0, instance:scripts.TestValidLogin@402a079c]" name="closeApplication" is-config="true" duration-ms="1510" started-at="2018-11-10T15:09:24Z" finished-at="2018-11-10T15:09:25Z">
          <params>
            <param index="0">
              <value>
                <![CDATA[[TestResult name=testValidLogin status=SUCCESS method=TestValidLogin.testValidLogin()[pri:0, instance:scripts.TestValidLogin@402a079c] output={null}]]]>
              </value>
            </param>
          </params>
          <reporter-output>
          </reporter-output>
        </test-method> <!-- closeApplication -->
      </class> <!-- scripts.TestValidLogin -->
    </test> <!-- Test -->
  </suite> <!-- Suite -->
</testng-results>
